c:\users\john\source\repos\opencvbinarization\opencvbinarization\x64\debug\vc143.pdb
c:\users\john\source\repos\opencvbinarization\opencvbinarization\x64\debug\vc143.idb
c:\users\john\source\repos\opencvbinarization\opencvbinarization\x64\debug\opencvbinarization.obj
c:\users\john\source\repos\opencvbinarization\x64\debug\leptonica-1.82.0d.dll
c:\users\john\source\repos\opencvbinarization\x64\debug\gif.dll
c:\users\john\source\repos\opencvbinarization\x64\debug\jpeg62.dll
c:\users\john\source\repos\opencvbinarization\x64\debug\openjp2.dll
c:\users\john\source\repos\opencvbinarization\x64\debug\libpng16d.dll
c:\users\john\source\repos\opencvbinarization\x64\debug\zlibd1.dll
c:\users\john\source\repos\opencvbinarization\x64\debug\tiffd.dll
c:\users\john\source\repos\opencvbinarization\x64\debug\liblzma.dll
c:\users\john\source\repos\opencvbinarization\x64\debug\webpmux.dll
c:\users\john\source\repos\opencvbinarization\x64\debug\webp.dll
c:\users\john\source\repos\opencvbinarization\x64\debug\opencv_cored.dll
c:\users\john\source\repos\opencvbinarization\x64\debug\opencv_highguid.dll
c:\users\john\source\repos\opencvbinarization\x64\debug\opencv_videoiod.dll
c:\users\john\source\repos\opencvbinarization\x64\debug\opencv_imgcodecsd.dll
c:\users\john\source\repos\opencvbinarization\x64\debug\opencv_imgprocd.dll
c:\users\john\source\repos\opencvbinarization\x64\debug\webpdecoder.dll
c:\users\john\source\repos\opencvbinarization\x64\debug\tesseract41d.dll
c:\users\john\source\repos\opencvbinarization\opencvbinarization\x64\debug\opencvbinarization.ilk
c:\users\john\source\repos\opencvbinarization\x64\debug\opencvbinarization.pdb
c:\users\john\source\repos\opencvbinarization\x64\debug\opencvbinarization.exe
c:\users\john\source\repos\opencvbinarization\opencvbinarization\x64\debug\opencvbi.3fef6734.tlog\cl.command.1.tlog
c:\users\john\source\repos\opencvbinarization\opencvbinarization\x64\debug\opencvbi.3fef6734.tlog\cl.read.1.tlog
c:\users\john\source\repos\opencvbinarization\opencvbinarization\x64\debug\opencvbi.3fef6734.tlog\cl.write.1.tlog
c:\users\john\source\repos\opencvbinarization\opencvbinarization\x64\debug\opencvbi.3fef6734.tlog\link.command.1.tlog
c:\users\john\source\repos\opencvbinarization\opencvbinarization\x64\debug\opencvbi.3fef6734.tlog\link.read.1.tlog
c:\users\john\source\repos\opencvbinarization\opencvbinarization\x64\debug\opencvbi.3fef6734.tlog\link.write.1.tlog
c:\users\john\source\repos\opencvbinarization\opencvbinarization\x64\debug\opencvbi.3fef6734.tlog\opencvbinarization.write.1u.tlog
